<?xml version="1.0" encoding="utf-8"?><testsuites name="pytest tests"><testsuite name="pytest" errors="0" failures="0" skipped="0" tests="12" time="2.424" timestamp="2026-05-25T20:46:27.143179+00:00" hostname="agent-env-6412e3ac-746d-4840-840e-07544a38dc6d"><testcase classname="backend.tests.test_anexos_universal" name="test_list_anexos_empty[manutencao-nonexistent-id-12345]" time="0.592" /><testcase classname="backend.tests.test_anexos_universal" name="test_list_anexos_empty[epi_ficha-nonexistent-id-12345]" time="0.107" /><testcase classname="backend.tests.test_anexos_universal" name="test_list_anexos_empty[folha_pagamento-nonexistent-id-12345]" time="0.114" /><testcase classname="backend.tests.test_anexos_universal" name="test_list_anexos_empty[custo_rh-config-global]" time="0.150" /><testcase classname="backend.tests.test_anexos_universal" name="test_list_anexos_empty[medicao-nonexistent-id-12345]" time="0.150" /><testcase classname="backend.tests.test_anexos_universal" name="test_list_anexos_empty[horimetro-nonexistent-id-12345]" time="0.118" /><testcase classname="backend.tests.test_anexos_universal" name="test_list_anexos_empty[combustivel-nonexistent-id-12345]" time="0.115" /><testcase classname="backend.tests.test_anexos_universal" name="test_invalid_entity_type" time="0.105" /><testcase classname="backend.tests.test_anexos_universal" name="test_upload_anexo_manutencao" time="0.459" /><testcase classname="backend.tests.test_anexos_universal" name="test_upload_anexo_epi_ficha" time="0.230" /><testcase classname="backend.tests.test_anexos_universal" name="test_reject_wrong_entity_name_ficha_epi" time="0.118" /><testcase classname="backend.tests.test_anexos_universal" name="test_requires_auth" time="0.107" /></testsuite></testsuites>