<?xml version="1.0" encoding="utf-8"?><testsuites name="pytest tests"><testsuite name="pytest" errors="0" failures="0" skipped="0" tests="14" time="79.716" timestamp="2026-05-07T20:33:54.833847+00:00" hostname="agent-env-20abffbf-6c8d-4dda-95dc-8831253c0c7a"><testcase classname="backend.tests.test_folha_importacao.TestFolhaSanity" name="test_list_initially_works" time="0.510" /><testcase classname="backend.tests.test_folha_importacao.TestFolhaSanity" name="test_solicitacoes_endpoint_works" time="0.060" /><testcase classname="backend.tests.test_folha_importacao.TestFolhaImportar" name="test_importar_via_ocr_gemini" time="40.329" /><testcase classname="backend.tests.test_folha_importacao.TestFolhaImportar" name="test_get_folha" time="0.154" /><testcase classname="backend.tests.test_folha_importacao.TestFolhaImportar" name="test_master_pdf_download" time="0.280" /><testcase classname="backend.tests.test_folha_importacao.TestFolhaImportar" name="test_holerite_individual_download" time="0.178" /><testcase classname="backend.tests.test_folha_importacao.TestResolverEEnvio" name="test_enviar_modo_cheio_bloqueia_se_low_match" time="0.068" /><testcase classname="backend.tests.test_folha_importacao.TestResolverEEnvio" name="test_resolver_matches_para_low" time="0.150" /><testcase classname="backend.tests.test_folha_importacao.TestResolverEEnvio" name="test_enviar_individual_apos_resolver" time="0.098" /><testcase classname="backend.tests.test_folha_importacao.TestFinanceiroAceite" name="test_listar_solicitacoes_pendente" time="0.054" /><testcase classname="backend.tests.test_folha_importacao.TestFinanceiroAceite" name="test_aceitar_modo_individual" time="0.217" /><testcase classname="backend.tests.test_folha_importacao.TestFinanceiroAceite" name="test_contas_pagar_criadas_com_anexos" time="0.096" /><testcase classname="backend.tests.test_folha_importacao.TestFinanceiroAceite" name="test_rejeitar_path_independente" time="37.443" /><testcase classname="backend.tests.test_folha_importacao.TestCleanup" name="test_cleanup_test_data" time="0.004" /></testsuite></testsuites>