<?xml version="1.0" encoding="utf-8"?><testsuites name="pytest tests"><testsuite name="pytest" errors="0" failures="0" skipped="0" tests="8" time="5.551" timestamp="2026-02-27T18:43:33.733566+00:00" hostname="agent-env-4c1b6c7d-136e-4c19-b772-c5ac558f4854"><testcase classname="backend.tests.test_saldo_estoque_features.TestQuitacaoSaldoBancario" name="test_01_get_initial_bank_balance" time="0.518" /><testcase classname="backend.tests.test_saldo_estoque_features.TestQuitacaoSaldoBancario" name="test_02_quitar_conta_receber_aumenta_saldo" time="0.905" /><testcase classname="backend.tests.test_saldo_estoque_features.TestQuitacaoSaldoBancario" name="test_03_quitar_conta_pagar_diminui_saldo" time="0.786" /><testcase classname="backend.tests.test_saldo_estoque_features.TestStockItemMachineVinculacao" name="test_01_get_machines_list" time="0.470" /><testcase classname="backend.tests.test_saldo_estoque_features.TestStockItemMachineVinculacao" name="test_02_create_stock_item_with_machine_ids" time="0.698" /><testcase classname="backend.tests.test_saldo_estoque_features.TestStockItemMachineVinculacao" name="test_03_get_stock_items_returns_machine_fields" time="0.439" /><testcase classname="backend.tests.test_saldo_estoque_features.TestStockItemMachineVinculacao" name="test_04_update_stock_item_machine_ids" time="0.916" /><testcase classname="backend.tests.test_saldo_estoque_features.TestStockItemMachineVinculacao" name="test_05_stock_item_multiple_machines" time="0.766" /></testsuite></testsuites>