<?xml version="1.0" encoding="utf-8"?><testsuites name="pytest tests"><testsuite name="pytest" errors="0" failures="2" skipped="0" tests="41" time="0.800" timestamp="2026-04-22T22:14:02.138588+00:00" hostname="agent-env-b14510b8-e5ea-43b5-9a0b-b4590b541db6"><testcase classname="backend.tests.test_financeiro_emissao_importacao.TestContasPagar" name="test_list_contas_pagar" time="0.263" /><testcase classname="backend.tests.test_financeiro_emissao_importacao.TestContasPagar" name="test_list_with_filters" time="0.003" /><testcase classname="backend.tests.test_financeiro_emissao_importacao.TestContasPagar" name="test_create_minimal" time="0.005"><failure message="KeyError: 'valor_final'">backend/tests/test_financeiro_emissao_importacao.py:62: in test_create_minimal
    assert data["valor_final"] == 100.0
           ^^^^^^^^^^^^^^^^^^^
E   KeyError: 'valor_final'</failure></testcase><testcase classname="backend.tests.test_financeiro_emissao_importacao.TestContasPagar" name="test_parcelado_invalid" time="0.005" /><testcase classname="backend.tests.test_financeiro_emissao_importacao.TestContasPagar" name="test_parcelado_ok" time="0.008" /><testcase classname="backend.tests.test_financeiro_emissao_importacao.TestContasPagar" name="test_update" time="0.003"><failure message="KeyError: 'descricao'">backend/tests/test_financeiro_emissao_importacao.py:109: in test_update
    assert r.json()["descricao"] == "TEST_CP_MIN_UPDATED"
           ^^^^^^^^^^^^^^^^^^^^^
E   KeyError: 'descricao'</failure></testcase><testcase classname="backend.tests.test_financeiro_emissao_importacao.TestContasPagar" name="test_quitar" time="0.004" /><testcase classname="backend.tests.test_financeiro_emissao_importacao.TestContasPagar" name="test_cancelar" time="0.004" /><testcase classname="backend.tests.test_financeiro_emissao_importacao.TestContasPagar" name="test_quitar_404" time="0.003" /><testcase classname="backend.tests.test_financeiro_emissao_importacao.TestContasPagar" name="test_zzz_cleanup" time="0.007" /><testcase classname="backend.tests.test_financeiro_emissao_importacao.TestContasReceber" name="test_list" time="0.003" /><testcase classname="backend.tests.test_financeiro_emissao_importacao.TestContasReceber" name="test_create_and_quitar" time="0.009" /><testcase classname="backend.tests.test_financeiro_emissao_importacao.TestContasReceber" name="test_parcelado_invalid" time="0.002" /><testcase classname="backend.tests.test_financeiro_emissao_importacao.TestContasReceber" name="test_cancelar_and_delete_404" time="0.004" /><testcase classname="backend.tests.test_financeiro_emissao_importacao.TestContasReceber" name="test_zzz_cleanup" time="0.002" /><testcase classname="backend.tests.test_financeiro_emissao_importacao.TestEmissaoTabelas" name="test_cfops" time="0.002" /><testcase classname="backend.tests.test_financeiro_emissao_importacao.TestEmissaoTabelas" name="test_codigos_servico" time="0.002" /><testcase classname="backend.tests.test_financeiro_emissao_importacao.TestNotasEmitidas" name="test_list_nfe" time="0.003" /><testcase classname="backend.tests.test_financeiro_emissao_importacao.TestNotasEmitidas" name="test_list_nfse" time="0.003" /><testcase classname="backend.tests.test_financeiro_emissao_importacao.TestNotasEmitidas" name="test_list_all" time="0.003" /><testcase classname="backend.tests.test_financeiro_emissao_importacao.TestNotasEmitidas" name="test_get_404" time="0.003" /><testcase classname="backend.tests.test_financeiro_emissao_importacao.TestNotasEmitidas" name="test_emitir_nfe_cert_404" time="0.003" /><testcase classname="backend.tests.test_financeiro_emissao_importacao.TestNotasEmitidas" name="test_emitir_nfse_cert_404" time="0.003" /><testcase classname="backend.tests.test_financeiro_emissao_importacao.TestNotasEmitidas" name="test_delete_404" time="0.003" /><testcase classname="backend.tests.test_financeiro_emissao_importacao.TestNotasEmitidas" name="test_download_xml_404" time="0.003" /><testcase classname="backend.tests.test_financeiro_emissao_importacao.TestNotasEmitidas" name="test_download_pdf_404" time="0.003" /><testcase classname="backend.tests.test_financeiro_emissao_importacao.TestImportacaoNF" name="test_importar_nfe_404" time="0.003" /><testcase classname="backend.tests.test_financeiro_emissao_importacao.TestImportacaoNF" name="test_importar_nfse_404" time="0.003" /><testcase classname="backend.tests.test_financeiro_emissao_importacao.TestRegressao" name="test_conciliacao" time="0.003" /><testcase classname="backend.tests.test_financeiro_emissao_importacao.TestRegressao" name="test_nfse_importadas" time="0.003" /><testcase classname="backend.tests.test_financeiro_emissao_importacao.TestRegressao" name="test_nfe_importadas" time="0.026" /><testcase classname="backend.tests.test_financeiro_emissao_importacao.TestRegressao" name="test_nfe_certificados" time="0.003" /><testcase classname="backend.tests.test_financeiro_emissao_importacao.TestRegressao" name="test_nfe_novas_count" time="0.003" /><testcase classname="backend.tests.test_financeiro_emissao_importacao.TestRegressao" name="test_nfe_download_pdf_404" time="0.003" /><testcase classname="backend.tests.test_financeiro_emissao_importacao.TestRegressao" name="test_scheduler_status" time="0.003" /><testcase classname="backend.tests.test_financeiro_emissao_importacao.TestRegressao" name="test_scheduler_logs" time="0.003" /><testcase classname="backend.tests.test_financeiro_emissao_importacao.TestRegressao" name="test_login" time="0.224" /><testcase classname="backend.tests.test_financeiro_emissao_importacao.TestRegressao" name="test_dashboard" time="0.007" /><testcase classname="backend.tests.test_financeiro_emissao_importacao.TestRegressao" name="test_centros_custo" time="0.003" /><testcase classname="backend.tests.test_financeiro_emissao_importacao.TestRegressao" name="test_plano_contas" time="0.003" /><testcase classname="backend.tests.test_financeiro_emissao_importacao.TestRegressao" name="test_export_pdf_contas_pagar" time="0.046" /></testsuite></testsuites>