<?xml version="1.0" encoding="utf-8"?><testsuites name="pytest tests"><testsuite name="pytest" errors="0" failures="0" skipped="0" tests="12" time="2.536" timestamp="2026-04-13T19:17:44.945235+00:00" hostname="agent-env-b14510b8-e5ea-43b5-9a0b-b4590b541db6"><testcase classname="backend.tests.test_centro_custo_export.TestCentroCustoExport" name="test_list_centros_custo" time="0.238" /><testcase classname="backend.tests.test_centro_custo_export.TestCentroCustoExport" name="test_export_pdf_contas_pagar_no_filter" time="0.273" /><testcase classname="backend.tests.test_centro_custo_export.TestCentroCustoExport" name="test_export_pdf_contas_pagar_with_filter" time="0.251" /><testcase classname="backend.tests.test_centro_custo_export.TestCentroCustoExport" name="test_export_excel_contas_pagar_with_filter" time="0.233" /><testcase classname="backend.tests.test_centro_custo_export.TestCentroCustoExport" name="test_export_pdf_contas_receber_with_filter" time="0.248" /><testcase classname="backend.tests.test_centro_custo_export.TestCentroCustoExport" name="test_export_excel_contas_receber_with_filter" time="0.231" /><testcase classname="backend.tests.test_centro_custo_export.TestCentroCustoExport" name="test_export_combined_with_centro_custo" time="0.235" /><testcase classname="backend.tests.test_centro_custo_export.TestCentroCustoExport" name="test_export_combined_without_centro_custo" time="0.237" /><testcase classname="backend.tests.test_centro_custo_export.TestCentroCustoExport" name="test_export_ofx_contas_pagar_with_filter" time="0.233" /><testcase classname="backend.tests.test_centro_custo_export.TestCentroCustoExport" name="test_export_pdf_title_includes_centro_custo" time="0.248" /><testcase classname="backend.tests.test_centro_custo_export.TestCentroCustoAuth" name="test_centros_custo_requires_auth" time="0.002" /><testcase classname="backend.tests.test_centro_custo_export.TestCentroCustoAuth" name="test_export_requires_auth" time="0.002" /></testsuite></testsuites>