<?xml version="1.0" encoding="utf-8"?><testsuites name="pytest tests"><testsuite name="pytest" errors="0" failures="0" skipped="0" tests="6" time="3.845" timestamp="2026-02-25T02:35:14.285252+00:00" hostname="agent-env-9f86e516-65d4-4525-a39f-fa04424ceedb"><testcase classname="backend.tests.test_cnpj_lookup.TestCNPJLookup" name="test_cnpj_lookup_banco_do_brasil" time="0.714" /><testcase classname="backend.tests.test_cnpj_lookup.TestCNPJLookup" name="test_cnpj_lookup_invalid_cnpj" time="0.494" /><testcase classname="backend.tests.test_cnpj_lookup.TestCNPJLookup" name="test_cnpj_lookup_not_found" time="0.826" /><testcase classname="backend.tests.test_cnpj_lookup.TestCNPJLookup" name="test_cnpj_lookup_without_auth" time="0.545" /><testcase classname="backend.tests.test_cnpj_lookup.TestCNPJLookup" name="test_cnpj_lookup_with_formatting" time="0.587" /><testcase classname="backend.tests.test_cnpj_lookup.TestCEPLookup" name="test_cep_lookup_valid" time="0.621" /></testsuite></testsuites>