<?xml version="1.0" encoding="utf-8"?><testsuites name="pytest tests"><testsuite name="pytest" errors="0" failures="0" skipped="0" tests="11" time="8.598" timestamp="2026-02-27T17:40:20.087383+00:00" hostname="agent-env-4c1b6c7d-136e-4c19-b772-c5ac558f4854"><testcase classname="backend.tests.test_quitacao_cadastro.TestQuitacaoContasPagar" name="test_create_conta_pagar_pendente" time="0.737" /><testcase classname="backend.tests.test_quitacao_cadastro.TestQuitacaoContasPagar" name="test_quitar_conta_pagar_with_data_and_conta_bancaria" time="0.877" /><testcase classname="backend.tests.test_quitacao_cadastro.TestQuitacaoContasPagar" name="test_quitar_conta_pagar_em_aberto" time="0.800" /><testcase classname="backend.tests.test_quitacao_cadastro.TestQuitacaoContasReceber" name="test_create_conta_receber_pendente" time="0.595" /><testcase classname="backend.tests.test_quitacao_cadastro.TestQuitacaoContasReceber" name="test_quitar_conta_receber_with_data_and_conta_bancaria" time="0.892" /><testcase classname="backend.tests.test_quitacao_cadastro.TestCadastroAPI" name="test_create_fornecedor_cadastro" time="0.552" /><testcase classname="backend.tests.test_quitacao_cadastro.TestCadastroAPI" name="test_create_cliente_cadastro" time="0.486" /><testcase classname="backend.tests.test_quitacao_cadastro.TestCadastroAPI" name="test_list_cadastros" time="0.498" /><testcase classname="backend.tests.test_quitacao_cadastro.TestContasBancarias" name="test_list_contas_bancarias" time="0.491" /><testcase classname="backend.tests.test_quitacao_cadastro.TestStatusVerification" name="test_contas_pagar_status_filter" time="0.726" /><testcase classname="backend.tests.test_quitacao_cadastro.TestCleanup" name="test_cleanup_test_data" time="1.818" /></testsuite></testsuites>