<?xml version="1.0" encoding="utf-8"?><testsuites name="pytest tests"><testsuite name="pytest" errors="0" failures="0" skipped="0" tests="12" time="4.676" timestamp="2026-05-06T21:04:00.917296+00:00" hostname="agent-env-20abffbf-6c8d-4dda-95dc-8831253c0c7a"><testcase classname="backend.tests.test_abono_em_massa.TestAbonoEmMassaJSON" name="test_criar_3_abonos_em_massa" time="0.854" /><testcase classname="backend.tests.test_abono_em_massa.TestAbonoEmMassaJSON" name="test_idempotencia_nao_duplica" time="0.597" /><testcase classname="backend.tests.test_abono_em_massa.TestAbonoEmMassaJSON" name="test_listar_abonos" time="0.326" /><testcase classname="backend.tests.test_abono_em_massa.TestAbonoEmMassaJSON" name="test_delete_apenas_um" time="0.531" /><testcase classname="backend.tests.test_abono_em_massa.TestAbonoEmMassaValidations" name="test_datas_vazia_400" time="0.130" /><testcase classname="backend.tests.test_abono_em_massa.TestAbonoEmMassaValidations" name="test_tipo_invalido_400" time="0.139" /><testcase classname="backend.tests.test_abono_em_massa.TestAbonoEmMassaValidations" name="test_motivo_vazio_400" time="0.149" /><testcase classname="backend.tests.test_abono_em_massa.TestAbonoEmMassaValidations" name="test_data_invalida_400" time="0.160" /><testcase classname="backend.tests.test_abono_em_massa.TestAbonoEmMassaValidations" name="test_funcionario_id_vazio_400" time="0.168" /><testcase classname="backend.tests.test_abono_em_massa.TestAbonoEmMassaMultipart" name="test_multipart_sem_arquivo" time="0.247" /><testcase classname="backend.tests.test_abono_em_massa.TestAbonoEmMassaMultipart" name="test_multipart_com_pdf" time="0.343" /><testcase classname="backend.tests.test_abono_em_massa.TestAbonoEmMassaMultipart" name="test_multipart_datas_invalida_400" time="0.966" /></testsuite></testsuites>