<?xml version="1.0" encoding="utf-8"?><testsuites name="pytest tests"><testsuite name="pytest" errors="0" failures="0" skipped="0" tests="15" time="1.956" timestamp="2026-05-06T20:40:43.917436+00:00" hostname="agent-env-20abffbf-6c8d-4dda-95dc-8831253c0c7a"><testcase classname="backend.tests.test_banco_horas.TestBancoHorasResumo" name="test_resumo_default" time="0.669" /><testcase classname="backend.tests.test_banco_horas.TestBancoHorasResumo" name="test_resumo_with_period" time="0.075" /><testcase classname="backend.tests.test_banco_horas.TestBancoHorasAjustes" name="test_create_ajuste_credito" time="0.174" /><testcase classname="backend.tests.test_banco_horas.TestBancoHorasAjustes" name="test_create_ajuste_debito" time="0.065" /><testcase classname="backend.tests.test_banco_horas.TestBancoHorasAjustes" name="test_create_ajuste_zero_invalid" time="0.105" /><testcase classname="backend.tests.test_banco_horas.TestBancoHorasAjustes" name="test_create_ajuste_no_motivo" time="0.071" /><testcase classname="backend.tests.test_banco_horas.TestBancoHorasAjustes" name="test_create_ajuste_func_inexistente" time="0.070" /><testcase classname="backend.tests.test_banco_horas.TestBancoHorasAjustes" name="test_listar_ajustes_por_funcionario" time="0.066" /><testcase classname="backend.tests.test_banco_horas.TestBancoHorasAjustes" name="test_extrato_inclui_ajustes" time="0.085" /><testcase classname="backend.tests.test_banco_horas.TestBancoHorasAjustes" name="test_delete_ajuste" time="0.148" /><testcase classname="backend.tests.test_banco_horas.TestBancoHorasAjustes" name="test_cleanup_remaining" time="0.068" /><testcase classname="backend.tests.test_banco_horas.TestFeriasAlertasDispensar" name="test_dispensar_alerta" time="0.097" /><testcase classname="backend.tests.test_banco_horas.TestFeriasAlertasDispensar" name="test_lista_dispensados_inclui" time="0.064" /><testcase classname="backend.tests.test_banco_horas.TestFeriasAlertasDispensar" name="test_reativar_alerta" time="0.066" /><testcase classname="backend.tests.test_banco_horas.TestFeriasAlertasDispensar" name="test_dispensar_func_inexistente" time="0.065" /></testsuite></testsuites>