<?xml version="1.0" encoding="utf-8"?><testsuites name="pytest tests"><testsuite name="pytest" errors="0" failures="0" skipped="0" tests="16" time="2.779" timestamp="2026-04-22T21:44:51.522367+00:00" hostname="agent-env-b14510b8-e5ea-43b5-9a0b-b4590b541db6"><testcase classname="tests.test_conciliacao_refactor.TestConciliacaoListagem" name="test_list_conciliacoes" time="0.473" /><testcase classname="tests.test_conciliacao_refactor.TestConciliacaoListagem" name="test_list_extratos_todos" time="0.129" /><testcase classname="tests.test_conciliacao_refactor.TestConciliacaoListagem" name="test_list_extratos_por_conta" time="0.114" /><testcase classname="tests.test_conciliacao_refactor.TestConciliacaoListagem" name="test_auth_required_on_list" time="0.114" /><testcase classname="tests.test_conciliacao_refactor.TestImportarExtrato" name="test_rejeita_nao_pdf" time="0.151" /><testcase classname="tests.test_conciliacao_refactor.TestImportarExtrato" name="test_pdf_com_conta_inexistente" time="0.113" /><testcase classname="tests.test_conciliacao_refactor.TestConciliarDesfazer" name="test_conciliar_ids_invalidos" time="0.104" /><testcase classname="tests.test_conciliacao_refactor.TestConciliarDesfazer" name="test_desfazer_id_invalido" time="0.112" /><testcase classname="tests.test_conciliacao_refactor.TestLimparExtratos" name="test_limpar_extratos" time="0.125" /><testcase classname="tests.test_conciliacao_refactor.TestRegressaoEndpointsCriticos" name="test_auth_login_still_works" time="0.339" /><testcase classname="tests.test_conciliacao_refactor.TestRegressaoEndpointsCriticos" name="test_nfe_importadas" time="0.262" /><testcase classname="tests.test_conciliacao_refactor.TestRegressaoEndpointsCriticos" name="test_nfe_certificados" time="0.119" /><testcase classname="tests.test_conciliacao_refactor.TestRegressaoEndpointsCriticos" name="test_contas_pagar" time="0.142" /><testcase classname="tests.test_conciliacao_refactor.TestRegressaoEndpointsCriticos" name="test_contas_receber" time="0.139" /><testcase classname="tests.test_conciliacao_refactor.TestRegressaoEndpointsCriticos" name="test_dashboard_admin" time="0.125" /><testcase classname="tests.test_conciliacao_refactor.TestRegressaoEndpointsCriticos" name="test_export_pdf_contas_pagar" time="0.158" /></testsuite></testsuites>