<?xml version="1.0" encoding="utf-8"?><testsuites name="pytest tests"><testsuite name="pytest" errors="0" failures="1" skipped="0" tests="16" time="4.779" timestamp="2026-02-27T00:20:16.333941+00:00" hostname="agent-env-a4dc8d16-8650-4b7c-9144-3acbdbab34f8"><testcase classname="backend.tests.test_rh_ponto_folha_custos.TestPontoEletronico" name="test_list_ponto_by_date" time="0.646" /><testcase classname="backend.tests.test_rh_ponto_folha_custos.TestPontoEletronico" name="test_create_ponto_record" time="0.530" /><testcase classname="backend.tests.test_rh_ponto_folha_custos.TestPontoEletronico" name="test_create_ponto_duplicate_fails" time="0.607" /><testcase classname="backend.tests.test_rh_ponto_folha_custos.TestPontoEletronico" name="test_relatorio_mensal" time="0.122" /><testcase classname="backend.tests.test_rh_ponto_folha_custos.TestPontoEletronico" name="test_registrar_rapido" time="0.412" /><testcase classname="backend.tests.test_rh_ponto_folha_custos.TestFolhaPagamento" name="test_list_folha_pagamento" time="0.116" /><testcase classname="backend.tests.test_rh_ponto_folha_custos.TestFolhaPagamento" name="test_create_folha_pagamento" time="0.362" /><testcase classname="backend.tests.test_rh_ponto_folha_custos.TestFolhaPagamento" name="test_generate_holerite_pdf" time="0.143" /><testcase classname="backend.tests.test_rh_ponto_folha_custos.TestFolhaPagamento" name="test_gerar_contas_pagar" time="0.133"><failure message="AssertionError: assert 'contas_criadas' in {'message': 'Contas criadas: Salários, INSS, FGTS', 'total': 3}">backend/tests/test_rh_ponto_folha_custos.py:336: in test_gerar_contas_pagar
    assert "contas_criadas" in data
E   AssertionError: assert 'contas_criadas' in {'message': 'Contas criadas: Salários, INSS, FGTS', 'total': 3}</failure></testcase><testcase classname="backend.tests.test_rh_ponto_folha_custos.TestCustosRH" name="test_get_custos" time="0.173" /><testcase classname="backend.tests.test_rh_ponto_folha_custos.TestCustosRH" name="test_simular_dissidio" time="0.131" /><testcase classname="backend.tests.test_rh_ponto_folha_custos.TestCustosRH" name="test_simular_rescisao" time="0.126" /><testcase classname="backend.tests.test_rh_ponto_folha_custos.TestCustosRH" name="test_simular_rescisao_funcionario_not_found" time="0.121" /><testcase classname="backend.tests.test_rh_ponto_folha_custos.TestPontoUpdate" name="test_update_ponto" time="0.509" /><testcase classname="backend.tests.test_rh_ponto_folha_custos.TestPontoUpdate" name="test_delete_ponto" time="0.439" /><testcase classname="backend.tests.test_rh_ponto_folha_custos.TestPontoUpdate" name="test_delete_ponto_not_found" time="0.132" /></testsuite></testsuites>