<?xml version="1.0" encoding="utf-8"?><testsuites name="pytest tests"><testsuite name="pytest" errors="0" failures="0" skipped="1" tests="35" time="7.316" timestamp="2026-04-22T21:57:33.033625+00:00" hostname="agent-env-b14510b8-e5ea-43b5-9a0b-b4590b541db6"><testcase classname="tests.test_nfe_nfse_refactor.TestNFSe" name="test_list_importadas" time="0.460" /><testcase classname="tests.test_nfe_nfse_refactor.TestNFSe" name="test_get_by_id_404" time="0.122" /><testcase classname="tests.test_nfe_nfse_refactor.TestNFSe" name="test_download_xml_404" time="0.122" /><testcase classname="tests.test_nfe_nfse_refactor.TestNFSe" name="test_download_pdf_404" time="0.122" /><testcase classname="tests.test_nfe_nfse_refactor.TestNFSe" name="test_criar_conta_pagar_404" time="0.112" /><testcase classname="tests.test_nfe_nfse_refactor.TestNFSe" name="test_update_status_invalid" time="0.102" /><testcase classname="tests.test_nfe_nfse_refactor.TestNFSe" name="test_update_status_404" time="0.152" /><testcase classname="tests.test_nfe_nfse_refactor.TestNFSe" name="test_auth_required" time="0.103" /><testcase classname="tests.test_nfe_nfse_refactor.TestNFSe" name="test_list_with_real_item_and_download" time="0.207" /><testcase classname="tests.test_nfe_nfse_refactor.TestNFeCertificados" name="test_list" time="0.100" /><testcase classname="tests.test_nfe_nfse_refactor.TestNFeCertificados" name="test_post_invalid_cert" time="0.108" /><testcase classname="tests.test_nfe_nfse_refactor.TestNFeCertificados" name="test_patch_update_existing_cert" time="0.350" /><testcase classname="tests.test_nfe_nfse_refactor.TestNFeCertificados" name="test_patch_404" time="0.104" /><testcase classname="tests.test_nfe_nfse_refactor.TestNFeCertificados" name="test_delete_404" time="0.099" /><testcase classname="tests.test_nfe_nfse_refactor.TestNFeImportadas" name="test_list" time="0.218" /><testcase classname="tests.test_nfe_nfse_refactor.TestNFeImportadas" name="test_get_by_id_404" time="0.117" /><testcase classname="tests.test_nfe_nfse_refactor.TestNFeImportadas" name="test_get_detail_real" time="0.409" /><testcase classname="tests.test_nfe_nfse_refactor.TestNFeImportadas" name="test_criar_conta_pagar_404" time="0.119" /><testcase classname="tests.test_nfe_nfse_refactor.TestNFeImportadas" name="test_criar_conta_pagar_already_linked" time="0.213"><skipped type="pytest.skip" message="Nenhuma NF-e vinculada a conta_pagar para validar 400">/app/backend/tests/test_nfe_nfse_refactor.py:177: Nenhuma NF-e vinculada a conta_pagar para validar 400</skipped></testcase><testcase classname="tests.test_nfe_nfse_refactor.TestNFeImportadas" name="test_update_status_invalid" time="0.118" /><testcase classname="tests.test_nfe_nfse_refactor.TestNFeImportadas" name="test_update_status_404" time="0.124" /><testcase classname="tests.test_nfe_nfse_refactor.TestNFeImportadas" name="test_novas_count" time="0.107" /><testcase classname="tests.test_nfe_nfse_refactor.TestNFeImportadas" name="test_download_xml_404" time="0.107" /><testcase classname="tests.test_nfe_nfse_refactor.TestNFeImportadas" name="test_download_pdf_404" time="0.111" /><testcase classname="tests.test_nfe_nfse_refactor.TestNFeImportadas" name="test_download_xml_real" time="0.358" /><testcase classname="tests.test_nfe_nfse_refactor.TestNFeImportadas" name="test_download_pdf_real" time="1.560" /><testcase classname="tests.test_nfe_nfse_refactor.TestImportacaoAindaEmServer" name="test_nfe_importar_route_exists" time="0.129" /><testcase classname="tests.test_nfe_nfse_refactor.TestRegressionConciliacao" name="test_list" time="0.131" /><testcase classname="tests.test_nfe_nfse_refactor.TestRegressionConciliacao" name="test_extratos" time="0.110" /><testcase classname="tests.test_nfe_nfse_refactor.TestRegressionConciliacao" name="test_conciliar_404" time="0.111" /><testcase classname="tests.test_nfe_nfse_refactor.TestRegressionOutros" name="test_auth_login" time="0.355" /><testcase classname="tests.test_nfe_nfse_refactor.TestRegressionOutros" name="test_contas_pagar" time="0.171" /><testcase classname="tests.test_nfe_nfse_refactor.TestRegressionOutros" name="test_contas_receber" time="0.119" /><testcase classname="tests.test_nfe_nfse_refactor.TestRegressionOutros" name="test_dashboard" time="0.122" /><testcase classname="tests.test_nfe_nfse_refactor.TestRegressionOutros" name="test_export_pdf_contas_pagar" time="0.155" /></testsuite></testsuites>