<?xml version="1.0" encoding="utf-8"?><testsuites name="pytest tests"><testsuite name="pytest" errors="0" failures="0" skipped="0" tests="8" time="2.421" timestamp="2026-04-29T20:14:47.361426+00:00" hostname="agent-env-e5d065e8-2422-4f9e-ae39-9ccb18b7b4a0"><testcase classname="backend.tests.test_sessao34_bugs_features.TestOrdemServicoBugFix" name="test_create_os_with_empty_desconto_and_extras" time="0.753" /><testcase classname="backend.tests.test_sessao34_bugs_features.TestOrdemServicoBugFix" name="test_os_pdf_download" time="0.159" /><testcase classname="backend.tests.test_sessao34_bugs_features.TestReciboEnrichment" name="test_recibo_has_fornecedor_full_data" time="0.481" /><testcase classname="backend.tests.test_sessao34_bugs_features.TestParcelas" name="test_contas_pagar_parcelas" time="0.239" /><testcase classname="backend.tests.test_sessao34_bugs_features.TestParcelas" name="test_contas_receber_parcelas" time="0.224" /><testcase classname="backend.tests.test_sessao34_bugs_features.TestSearchByNumeroDoc" name="test_search_contas_pagar_by_numero_doc" time="0.238" /><testcase classname="backend.tests.test_sessao34_bugs_features.TestExtratoPlanoContas" name="test_extrato_todos_planos_tipo_ambos" time="0.142" /><testcase classname="backend.tests.test_sessao34_bugs_features.TestExtratoPlanoContas" name="test_extrato_com_periodo_tipo_pagar" time="0.120" /></testsuite></testsuites>