<?xml version="1.0" encoding="utf-8"?><testsuites name="pytest tests"><testsuite name="pytest" errors="0" failures="0" skipped="0" tests="13" time="8.512" timestamp="2026-02-27T00:31:32.878424+00:00" hostname="agent-env-a4dc8d16-8650-4b7c-9144-3acbdbab34f8"><testcase classname="backend.tests.test_rh_ferias_notificacoes.TestFeriasEndpoints" name="test_list_ferias_by_year" time="0.716" /><testcase classname="backend.tests.test_rh_ferias_notificacoes.TestFeriasEndpoints" name="test_list_ferias_empty_year" time="0.651" /><testcase classname="backend.tests.test_rh_ferias_notificacoes.TestFeriasEndpoints" name="test_create_ferias" time="0.898" /><testcase classname="backend.tests.test_rh_ferias_notificacoes.TestFeriasEndpoints" name="test_update_ferias" time="1.058" /><testcase classname="backend.tests.test_rh_ferias_notificacoes.TestFeriasEndpoints" name="test_update_ferias_not_found" time="0.572" /><testcase classname="backend.tests.test_rh_ferias_notificacoes.TestFeriasEndpoints" name="test_delete_ferias" time="0.901" /><testcase classname="backend.tests.test_rh_ferias_notificacoes.TestFeriasEndpoints" name="test_delete_ferias_not_found" time="0.644" /><testcase classname="backend.tests.test_rh_ferias_notificacoes.TestFeriasAlertas" name="test_get_ferias_alertas" time="0.455" /><testcase classname="backend.tests.test_rh_ferias_notificacoes.TestNotificacoes" name="test_get_all_notificacoes" time="0.536" /><testcase classname="backend.tests.test_rh_ferias_notificacoes.TestNotificacoes" name="test_aniversariantes_structure" time="0.537" /><testcase classname="backend.tests.test_rh_ferias_notificacoes.TestNotificacoes" name="test_funcionarios_sem_ferias_structure" time="0.467" /><testcase classname="backend.tests.test_rh_ferias_notificacoes.TestNotificacoes" name="test_get_notificacoes_contagem" time="0.466" /><testcase classname="backend.tests.test_rh_ferias_notificacoes.TestExistingFerias" name="test_existing_ferias_in_list" time="0.530" /></testsuite></testsuites>