<?xml version="1.0" encoding="utf-8"?><testsuites name="pytest tests"><testsuite name="pytest" errors="0" failures="0" skipped="0" tests="15" time="13.355" timestamp="2026-02-19T21:19:45.880614+00:00" hostname="agent-env-cc96011f-2d6c-429c-8b65-2498ad4b92f2"><testcase classname="backend.tests.test_obras.TestObrasFeature" name="test_create_obra" time="0.882" /><testcase classname="backend.tests.test_obras.TestObrasFeature" name="test_list_obras" time="0.621" /><testcase classname="backend.tests.test_obras.TestObrasFeature" name="test_get_obra_detail" time="0.628" /><testcase classname="backend.tests.test_obras.TestObrasFeature" name="test_update_obra" time="0.764" /><testcase classname="backend.tests.test_obras.TestObrasFeature" name="test_delete_obra" time="0.609" /><testcase classname="backend.tests.test_obras.TestObrasFeature" name="test_get_nonexistent_obra" time="0.496" /><testcase classname="backend.tests.test_obras.TestObrasFeature" name="test_link_machine_to_obra" time="1.077" /><testcase classname="backend.tests.test_obras.TestObrasFeature" name="test_unlink_machine_from_obra" time="1.121" /><testcase classname="backend.tests.test_obras.TestObrasFeature" name="test_create_machine_with_obra" time="1.395" /><testcase classname="backend.tests.test_obras.TestObrasFeature" name="test_obra_maintenance_cost_calculation" time="1.294" /><testcase classname="backend.tests.test_obras.TestObrasFeature" name="test_obra_list_shows_machine_count_and_costs" time="1.323" /><testcase classname="backend.tests.test_obras.TestObrasFeature" name="test_filter_machines_by_obra" time="0.927" /><testcase classname="backend.tests.test_obras.TestObrasFeature" name="test_delete_obra_unlinks_machines" time="0.961" /><testcase classname="backend.tests.test_obras.TestLowStockAlerts" name="test_low_stock_notification" time="0.545" /><testcase classname="backend.tests.test_obras.TestLowStockAlerts" name="test_dashboard_low_stock_count" time="0.563" /></testsuite></testsuites>