<?xml version="1.0" encoding="utf-8"?><testsuites name="pytest tests"><testsuite name="pytest" errors="0" failures="2" skipped="0" tests="6" time="4.100" timestamp="2026-02-25T02:34:38.766183+00:00" hostname="agent-env-9f86e516-65d4-4525-a39f-fa04424ceedb"><testcase classname="backend.tests.test_cnpj_lookup.TestCNPJLookup" name="test_cnpj_lookup_banco_do_brasil" time="0.744" /><testcase classname="backend.tests.test_cnpj_lookup.TestCNPJLookup" name="test_cnpj_lookup_invalid_cnpj" time="0.476" /><testcase classname="backend.tests.test_cnpj_lookup.TestCNPJLookup" name="test_cnpj_lookup_not_found" time="0.846"><failure message="assert 500 == 404&#10; +  where 500 = &lt;Response [500]&gt;.status_code">backend/tests/test_cnpj_lookup.py:87: in test_cnpj_lookup_not_found
    assert response.status_code == 404
E   assert 500 == 404
E    +  where 500 = &lt;Response [500]&gt;.status_code</failure></testcase><testcase classname="backend.tests.test_cnpj_lookup.TestCNPJLookup" name="test_cnpj_lookup_without_auth" time="0.465" /><testcase classname="backend.tests.test_cnpj_lookup.TestCNPJLookup" name="test_cnpj_lookup_with_formatting" time="0.560"><failure message="assert 404 == 200&#10; +  where 404 = &lt;Response [404]&gt;.status_code">backend/tests/test_cnpj_lookup.py:109: in test_cnpj_lookup_with_formatting
    assert response.status_code == 200
E   assert 404 == 200
E    +  where 404 = &lt;Response [404]&gt;.status_code</failure></testcase><testcase classname="backend.tests.test_cnpj_lookup.TestCEPLookup" name="test_cep_lookup_valid" time="0.816" /></testsuite></testsuites>