<?xml version="1.0" encoding="utf-8"?><testsuites name="pytest tests"><testsuite name="pytest" errors="0" failures="1" skipped="0" tests="20" time="5.917" timestamp="2026-02-24T20:19:23.959804+00:00" hostname="agent-env-bab0add2-179c-4a09-8ccc-8bb3e77105b6"><testcase classname="backend.tests.test_storage_and_contracts.TestStorageSystem" name="test_storage_list_root" time="0.661" /><testcase classname="backend.tests.test_storage_and_contracts.TestStorageSystem" name="test_storage_create_folder" time="0.274" /><testcase classname="backend.tests.test_storage_and_contracts.TestStorageSystem" name="test_storage_create_folder_duplicate" time="0.141" /><testcase classname="backend.tests.test_storage_and_contracts.TestStorageSystem" name="test_storage_upload_file" time="0.171" /><testcase classname="backend.tests.test_storage_and_contracts.TestStorageSystem" name="test_storage_list_after_upload" time="0.157" /><testcase classname="backend.tests.test_storage_and_contracts.TestStorageSystem" name="test_storage_download_file" time="0.322" /><testcase classname="backend.tests.test_storage_and_contracts.TestStorageSystem" name="test_storage_rename_folder" time="0.121" /><testcase classname="backend.tests.test_storage_and_contracts.TestStorageSystem" name="test_storage_delete_folder" time="0.150" /><testcase classname="backend.tests.test_storage_and_contracts.TestStorageSystem" name="test_storage_delete_file" time="0.260" /><testcase classname="backend.tests.test_storage_and_contracts.TestAluguelContractFeatures" name="test_create_aluguel_with_contract_number" time="0.909" /><testcase classname="backend.tests.test_storage_and_contracts.TestAluguelContractFeatures" name="test_upload_contract_file" time="0.291"><failure message="AssertionError: Response should contain contrato_arquivo&#10;assert 'contrato_arquivo' in {'filename': '386969db-8939-4206-9682-44ba10bd1c95_5f318f6e-72c6-4f92-b05e-7487c085ecb2.pdf', 'message': 'Contrato anexado com sucesso'}">backend/tests/test_storage_and_contracts.py:243: in test_upload_contract_file
    assert "contrato_arquivo" in data, "Response should contain contrato_arquivo"
E   AssertionError: Response should contain contrato_arquivo
E   assert 'contrato_arquivo' in {'filename': '386969db-8939-4206-9682-44ba10bd1c95_5f318f6e-72c6-4f92-b05e-7487c085ecb2.pdf', 'message': 'Contrato anexado com sucesso'}</failure></testcase><testcase classname="backend.tests.test_storage_and_contracts.TestAluguelContractFeatures" name="test_download_contract_file" time="0.257" /><testcase classname="backend.tests.test_storage_and_contracts.TestAluguelContractFeatures" name="test_list_alugueis_with_contract_info" time="0.114" /><testcase classname="backend.tests.test_storage_and_contracts.TestAluguelContractFeatures" name="test_cleanup_test_alugueis" time="0.415" /><testcase classname="backend.tests.test_storage_and_contracts.TestStorageInvalidCases" name="test_storage_invalid_folder_name" time="0.753" /><testcase classname="backend.tests.test_storage_and_contracts.TestStorageInvalidCases" name="test_storage_download_nonexistent" time="0.152" /><testcase classname="backend.tests.test_storage_and_contracts.TestStorageInvalidCases" name="test_storage_delete_nonexistent" time="0.121" /><testcase classname="backend.tests.test_storage_and_contracts.TestStorageInvalidCases" name="test_storage_rename_nonexistent" time="0.153" /><testcase classname="backend.tests.test_storage_and_contracts.TestStorageWithoutAuth" name="test_storage_list_no_auth" time="0.147" /><testcase classname="backend.tests.test_storage_and_contracts.TestStorageWithoutAuth" name="test_storage_upload_no_auth" time="0.118" /></testsuite></testsuites>