<?xml version="1.0" encoding="utf-8"?><testsuites name="pytest tests"><testsuite name="pytest" errors="0" failures="0" skipped="0" tests="16" time="4.201" timestamp="2026-02-19T21:47:54.232651+00:00" hostname="agent-env-cc96011f-2d6c-429c-8b65-2498ad4b92f2"><testcase classname="backend.tests.test_audit.TestAuditSystem" name="test_get_audit_logs_endpoint" time="0.485" /><testcase classname="backend.tests.test_audit.TestAuditSystem" name="test_audit_log_structure" time="0.058" /><testcase classname="backend.tests.test_audit.TestAuditSystem" name="test_audit_log_filter_by_entity_type" time="0.058" /><testcase classname="backend.tests.test_audit.TestAuditSystem" name="test_audit_log_filter_by_action" time="0.081" /><testcase classname="backend.tests.test_audit.TestAuditSystem" name="test_create_machine_generates_audit_log" time="0.347" /><testcase classname="backend.tests.test_audit.TestAuditSystem" name="test_edit_machine_generates_audit_log" time="0.365" /><testcase classname="backend.tests.test_audit.TestAuditSystem" name="test_delete_machine_generates_audit_log" time="0.304" /><testcase classname="backend.tests.test_audit.TestAuditSystem" name="test_create_maintenance_generates_audit_log" time="0.284" /><testcase classname="backend.tests.test_audit.TestAuditSystem" name="test_create_obra_generates_audit_log" time="0.220" /><testcase classname="backend.tests.test_audit.TestAuditSystem" name="test_create_stock_item_generates_audit_log" time="0.212" /><testcase classname="backend.tests.test_audit.TestAuditSystem" name="test_user2_sees_data_created_by_user1" time="0.678" /><testcase classname="backend.tests.test_audit.TestAuditSystem" name="test_user2_sees_audit_logs_from_user1" time="0.067" /><testcase classname="backend.tests.test_audit.TestAuditSystem" name="test_user2_creates_data_visible_to_user1" time="0.350" /><testcase classname="backend.tests.test_audit.TestAuditSystem" name="test_audit_log_contains_user_name" time="0.063" /><testcase classname="backend.tests.test_audit.TestAuditSystem" name="test_audit_log_actions_are_valid" time="0.079" /><testcase classname="backend.tests.test_audit.TestAuditCleanup" name="test_cleanup_test_machines" time="0.492" /></testsuite></testsuites>