<?xml version="1.0" encoding="utf-8"?><testsuites name="pytest tests"><testsuite name="pytest" errors="0" failures="0" skipped="0" tests="16" time="4.854" timestamp="2026-02-27T00:20:47.088703+00:00" hostname="agent-env-a4dc8d16-8650-4b7c-9144-3acbdbab34f8"><testcase classname="backend.tests.test_rh_ponto_folha_custos.TestPontoEletronico" name="test_list_ponto_by_date" time="0.566" /><testcase classname="backend.tests.test_rh_ponto_folha_custos.TestPontoEletronico" name="test_create_ponto_record" time="0.593" /><testcase classname="backend.tests.test_rh_ponto_folha_custos.TestPontoEletronico" name="test_create_ponto_duplicate_fails" time="0.583" /><testcase classname="backend.tests.test_rh_ponto_folha_custos.TestPontoEletronico" name="test_relatorio_mensal" time="0.127" /><testcase classname="backend.tests.test_rh_ponto_folha_custos.TestPontoEletronico" name="test_registrar_rapido" time="0.408" /><testcase classname="backend.tests.test_rh_ponto_folha_custos.TestFolhaPagamento" name="test_list_folha_pagamento" time="0.113" /><testcase classname="backend.tests.test_rh_ponto_folha_custos.TestFolhaPagamento" name="test_create_folha_pagamento" time="0.404" /><testcase classname="backend.tests.test_rh_ponto_folha_custos.TestFolhaPagamento" name="test_generate_holerite_pdf" time="0.131" /><testcase classname="backend.tests.test_rh_ponto_folha_custos.TestFolhaPagamento" name="test_gerar_contas_pagar" time="0.115" /><testcase classname="backend.tests.test_rh_ponto_folha_custos.TestCustosRH" name="test_get_custos" time="0.149" /><testcase classname="backend.tests.test_rh_ponto_folha_custos.TestCustosRH" name="test_simular_dissidio" time="0.141" /><testcase classname="backend.tests.test_rh_ponto_folha_custos.TestCustosRH" name="test_simular_rescisao" time="0.136" /><testcase classname="backend.tests.test_rh_ponto_folha_custos.TestCustosRH" name="test_simular_rescisao_funcionario_not_found" time="0.124" /><testcase classname="backend.tests.test_rh_ponto_folha_custos.TestPontoUpdate" name="test_update_ponto" time="0.583" /><testcase classname="backend.tests.test_rh_ponto_folha_custos.TestPontoUpdate" name="test_delete_ponto" time="0.391" /><testcase classname="backend.tests.test_rh_ponto_folha_custos.TestPontoUpdate" name="test_delete_ponto_not_found" time="0.192" /></testsuite></testsuites>