<?xml version="1.0" encoding="utf-8"?><testsuites name="pytest tests"><testsuite name="pytest" errors="0" failures="0" skipped="0" tests="27" time="14.841" timestamp="2026-04-22T19:22:01.183186+00:00" hostname="agent-env-b14510b8-e5ea-43b5-9a0b-b4590b541db6"><testcase classname="tests.test_export_formats.TestExportFormats" name="test_pdf_contas_pagar_columns_and_format" time="0.830" /><testcase classname="tests.test_export_formats.TestExportFormats" name="test_pdf_contas_receber_columns_and_format" time="0.673" /><testcase classname="tests.test_export_formats.TestExportFormats" name="test_pdf_date_format_dd_mm_yyyy" time="0.668" /><testcase classname="tests.test_export_formats.TestExportFormats" name="test_pdf_money_format_brazilian" time="0.592" /><testcase classname="tests.test_export_formats.TestExportFormats" name="test_excel_contas_pagar_columns" time="0.530" /><testcase classname="tests.test_export_formats.TestExportFormats" name="test_excel_contas_receber_columns" time="0.503" /><testcase classname="tests.test_export_formats.TestExportFormats" name="test_excel_obras_columns" time="0.524" /><testcase classname="tests.test_export_formats.TestExportFormats" name="test_excel_maintenances_columns" time="0.463" /><testcase classname="tests.test_export_formats.TestExportFormats" name="test_excel_produtos_admin_columns" time="0.533" /><testcase classname="tests.test_export_formats.TestExportFormats" name="test_excel_date_format_dd_mm_yyyy" time="0.489" /><testcase classname="tests.test_export_formats.TestExportFormats" name="test_pdf_combined_export" time="0.696" /><testcase classname="tests.test_export_formats.TestExportFormats" name="test_pdf_combined_with_centro_custo" time="0.478" /><testcase classname="tests.test_export_formats.TestExportEndpointsStatus" name="test_pdf_export_status[contas_pagar]" time="0.505" /><testcase classname="tests.test_export_formats.TestExportEndpointsStatus" name="test_pdf_export_status[contas_receber]" time="0.472" /><testcase classname="tests.test_export_formats.TestExportEndpointsStatus" name="test_pdf_export_status[obras]" time="0.502" /><testcase classname="tests.test_export_formats.TestExportEndpointsStatus" name="test_pdf_export_status[maintenances]" time="0.496" /><testcase classname="tests.test_export_formats.TestExportEndpointsStatus" name="test_pdf_export_status[machines]" time="0.543" /><testcase classname="tests.test_export_formats.TestExportEndpointsStatus" name="test_pdf_export_status[stock_items]" time="0.470" /><testcase classname="tests.test_export_formats.TestExportEndpointsStatus" name="test_pdf_export_status[cadastros]" time="0.509" /><testcase classname="tests.test_export_formats.TestExportEndpointsStatus" name="test_excel_export_status[contas_pagar]" time="0.480" /><testcase classname="tests.test_export_formats.TestExportEndpointsStatus" name="test_excel_export_status[contas_receber]" time="0.480" /><testcase classname="tests.test_export_formats.TestExportEndpointsStatus" name="test_excel_export_status[obras]" time="0.444" /><testcase classname="tests.test_export_formats.TestExportEndpointsStatus" name="test_excel_export_status[maintenances]" time="0.457" /><testcase classname="tests.test_export_formats.TestExportEndpointsStatus" name="test_excel_export_status[machines]" time="0.468" /><testcase classname="tests.test_export_formats.TestExportEndpointsStatus" name="test_excel_export_status[stock_items]" time="0.492" /><testcase classname="tests.test_export_formats.TestExportEndpointsStatus" name="test_excel_export_status[cadastros]" time="0.492" /><testcase classname="tests.test_export_formats.TestExportEndpointsStatus" name="test_excel_export_status[produtos_admin]" time="0.467" /></testsuite></testsuites>