<?xml version="1.0" encoding="utf-8"?><testsuites name="pytest tests"><testsuite name="pytest" errors="0" failures="0" skipped="1" tests="9" time="2.115" timestamp="2026-04-22T20:10:45.321356+00:00" hostname="agent-env-b14510b8-e5ea-43b5-9a0b-b4590b541db6"><testcase classname="tests.test_conciliacao_bancaria.TestConciliacaoBancariaAPI" name="test_01_login_works" time="0.476" /><testcase classname="tests.test_conciliacao_bancaria.TestConciliacaoBancariaAPI" name="test_02_get_contas_bancarias" time="0.107" /><testcase classname="tests.test_conciliacao_bancaria.TestConciliacaoBancariaAPI" name="test_03_import_extrato_pdf_endpoint_exists" time="0.287" /><testcase classname="tests.test_conciliacao_bancaria.TestConciliacaoBancariaAPI" name="test_04_get_extratos_list" time="0.161" /><testcase classname="tests.test_conciliacao_bancaria.TestConciliacaoBancariaAPI" name="test_05_get_extratos_by_conta" time="0.119"><skipped type="pytest.skip" message="Endpoint not implemented">/app/backend/tests/test_conciliacao_bancaria.py:185: Endpoint not implemented</skipped></testcase><testcase classname="tests.test_conciliacao_bancaria.TestConciliacaoBancariaAPI" name="test_06_verify_transaction_values_not_balance" time="0.126" /><testcase classname="tests.test_conciliacao_bancaria.TestConciliacaoBancariaAPI" name="test_07_delete_extratos_endpoint" time="0.138" /><testcase classname="tests.test_conciliacao_bancaria.TestConciliacaoEndpointsSorting" name="test_extratos_sorted_asc" time="0.120" /><testcase classname="tests.test_conciliacao_bancaria.TestConciliacaoIntegration" name="test_full_workflow" time="0.510" /></testsuite></testsuites>