<?xml version="1.0" encoding="utf-8"?><testsuites name="pytest tests"><testsuite name="pytest" errors="0" failures="0" skipped="0" tests="16" time="10.744" timestamp="2026-02-23T21:06:30.469270+00:00" hostname="agent-env-179841d1-0b49-4d4f-9d7a-d02939541f39"><testcase classname="tests.test_alugueis_notificacoes.TestAuth" name="test_login_success" time="0.450" /><testcase classname="tests.test_alugueis_notificacoes.TestMaquinasDisponiveis" name="test_get_maquinas_disponiveis" time="0.537" /><testcase classname="tests.test_alugueis_notificacoes.TestAlugueis" name="test_get_alugueis_list" time="0.510" /><testcase classname="tests.test_alugueis_notificacoes.TestAlugueis" name="test_get_alugueis_filter_by_status" time="0.422" /><testcase classname="tests.test_alugueis_notificacoes.TestAlugueis" name="test_create_aluguel_with_conta_receber" time="0.292" /><testcase classname="tests.test_alugueis_notificacoes.TestAlugueis" name="test_create_aluguel_all_period_types" time="1.262" /><testcase classname="tests.test_alugueis_notificacoes.TestAlugueis" name="test_create_aluguel_outro_period" time="0.351" /><testcase classname="tests.test_alugueis_notificacoes.TestAlugueis" name="test_update_aluguel" time="0.572" /><testcase classname="tests.test_alugueis_notificacoes.TestAlugueis" name="test_finalizar_aluguel_marks_conta_quitada" time="0.496" /><testcase classname="tests.test_alugueis_notificacoes.TestAlugueis" name="test_delete_aluguel_deletes_conta_receber" time="0.684" /><testcase classname="tests.test_alugueis_notificacoes.TestNotificacoes" name="test_get_notificacoes_default_prazo" time="0.498" /><testcase classname="tests.test_alugueis_notificacoes.TestNotificacoes" name="test_get_notificacoes_custom_prazo" time="0.633" /><testcase classname="tests.test_alugueis_notificacoes.TestNotificacoes" name="test_notificacoes_urgency_classification" time="0.119" /><testcase classname="tests.test_alugueis_notificacoes.TestNotificacoes" name="test_notificacoes_contagem" time="0.125" /><testcase classname="tests.test_alugueis_notificacoes.TestNotificacoes" name="test_notificacoes_contagem_custom_prazo" time="0.546" /><testcase classname="tests.test_alugueis_notificacoes.TestCleanup" name="test_cleanup_test_alugueis" time="3.164" /></testsuite></testsuites>