<?xml version="1.0" encoding="utf-8"?><testsuites name="pytest tests"><testsuite name="pytest" errors="0" failures="0" skipped="0" tests="31" time="6.293" timestamp="2026-02-23T18:51:11.292717+00:00" hostname="agent-env-d44b3b49-7c94-4d11-ac65-a0bbed7b4721"><testcase classname="backend.tests.test_admin_module.TestAuth" name="test_login_success" time="0.486" /><testcase classname="backend.tests.test_admin_module.TestAuth" name="test_login_invalid_credentials" time="0.169" /><testcase classname="backend.tests.test_admin_module.TestAdminDashboard" name="test_get_dashboard" time="0.564" /><testcase classname="backend.tests.test_admin_module.TestAdminDashboard" name="test_dashboard_requires_auth" time="0.151" /><testcase classname="backend.tests.test_admin_module.TestContasPagar" name="test_create_conta_pagar" time="0.162" /><testcase classname="backend.tests.test_admin_module.TestContasPagar" name="test_get_contas_pagar" time="0.162" /><testcase classname="backend.tests.test_admin_module.TestContasPagar" name="test_update_conta_pagar" time="0.128" /><testcase classname="backend.tests.test_admin_module.TestContasPagar" name="test_marcar_conta_paga" time="0.325" /><testcase classname="backend.tests.test_admin_module.TestContasPagar" name="test_delete_conta_pagar" time="0.147" /><testcase classname="backend.tests.test_admin_module.TestContasReceber" name="test_create_conta_receber" time="0.169" /><testcase classname="backend.tests.test_admin_module.TestContasReceber" name="test_get_contas_receber" time="0.233" /><testcase classname="backend.tests.test_admin_module.TestContasReceber" name="test_update_conta_receber" time="0.150" /><testcase classname="backend.tests.test_admin_module.TestContasReceber" name="test_marcar_conta_recebida" time="0.199" /><testcase classname="backend.tests.test_admin_module.TestContasReceber" name="test_delete_conta_receber" time="0.182" /><testcase classname="backend.tests.test_admin_module.TestFornecedores" name="test_create_fornecedor" time="0.141" /><testcase classname="backend.tests.test_admin_module.TestFornecedores" name="test_get_fornecedores" time="0.137" /><testcase classname="backend.tests.test_admin_module.TestFornecedores" name="test_update_fornecedor" time="0.145" /><testcase classname="backend.tests.test_admin_module.TestFornecedores" name="test_delete_fornecedor" time="0.211" /><testcase classname="backend.tests.test_admin_module.TestProdutos" name="test_create_produto" time="0.155" /><testcase classname="backend.tests.test_admin_module.TestProdutos" name="test_get_produtos" time="0.215" /><testcase classname="backend.tests.test_admin_module.TestProdutos" name="test_update_produto" time="0.274" /><testcase classname="backend.tests.test_admin_module.TestProdutos" name="test_delete_produto" time="0.148" /><testcase classname="backend.tests.test_admin_module.TestOrdensServico" name="test_create_ordem_servico" time="0.198" /><testcase classname="backend.tests.test_admin_module.TestOrdensServico" name="test_get_ordens_servico" time="0.158" /><testcase classname="backend.tests.test_admin_module.TestOrdensServico" name="test_update_ordem_servico" time="0.200" /><testcase classname="backend.tests.test_admin_module.TestOrdensServico" name="test_update_ordem_status" time="0.150" /><testcase classname="backend.tests.test_admin_module.TestOrdensServico" name="test_delete_ordem_servico" time="0.175" /><testcase classname="backend.tests.test_admin_module.TestPlanoContas" name="test_create_plano_conta" time="0.169" /><testcase classname="backend.tests.test_admin_module.TestPlanoContas" name="test_get_plano_contas" time="0.112" /><testcase classname="backend.tests.test_admin_module.TestPlanoContas" name="test_update_plano_conta" time="0.198" /><testcase classname="backend.tests.test_admin_module.TestPlanoContas" name="test_delete_plano_conta" time="0.127" /></testsuite></testsuites>