<?xml version="1.0" encoding="utf-8"?><testsuites name="pytest tests"><testsuite name="pytest" errors="0" failures="0" skipped="0" tests="27" time="4.874" timestamp="2026-02-23T20:45:45.218425+00:00" hostname="agent-env-179841d1-0b49-4d4f-9d7a-d02939541f39"><testcase classname="backend.tests.test_new_features.TestDashboardFinanceiro" name="test_dashboard_returns_all_tabs_data" time="0.637" /><testcase classname="backend.tests.test_new_features.TestDashboardFinanceiro" name="test_dashboard_a_pagar_has_badges" time="0.126" /><testcase classname="backend.tests.test_new_features.TestDashboardFinanceiro" name="test_dashboard_a_receber_has_badges" time="0.123" /><testcase classname="backend.tests.test_new_features.TestDashboardFinanceiro" name="test_dashboard_quitados_structure" time="0.146" /><testcase classname="backend.tests.test_new_features.TestCentroCusto" name="test_create_centro_custo" time="0.119" /><testcase classname="backend.tests.test_new_features.TestCentroCusto" name="test_get_centros_custo" time="0.134" /><testcase classname="backend.tests.test_new_features.TestCentroCusto" name="test_update_centro_custo" time="0.306" /><testcase classname="backend.tests.test_new_features.TestCentroCusto" name="test_delete_centro_custo" time="0.140" /><testcase classname="backend.tests.test_new_features.TestFormasPagamento" name="test_create_forma_pagamento" time="0.196" /><testcase classname="backend.tests.test_new_features.TestFormasPagamento" name="test_get_formas_pagamento" time="0.177" /><testcase classname="backend.tests.test_new_features.TestFormasPagamento" name="test_get_formas_pagamento_ativas" time="0.149" /><testcase classname="backend.tests.test_new_features.TestFormasPagamento" name="test_update_forma_pagamento" time="0.126" /><testcase classname="backend.tests.test_new_features.TestFormasPagamento" name="test_delete_forma_pagamento" time="0.112" /><testcase classname="backend.tests.test_new_features.TestOrdensServicoTipoFinanceiro" name="test_create_os_a_pagar" time="0.149" /><testcase classname="backend.tests.test_new_features.TestOrdensServicoTipoFinanceiro" name="test_create_os_a_receber" time="0.143" /><testcase classname="backend.tests.test_new_features.TestOrdensServicoTipoFinanceiro" name="test_dashboard_shows_os_values" time="0.347" /><testcase classname="backend.tests.test_new_features.TestOrdensServicoTipoFinanceiro" name="test_cleanup_os_a_pagar" time="0.136" /><testcase classname="backend.tests.test_new_features.TestOrdensServicoTipoFinanceiro" name="test_cleanup_os_a_receber" time="0.208" /><testcase classname="backend.tests.test_new_features.TestPlanoContasSubcontas" name="test_create_conta_pai" time="0.158" /><testcase classname="backend.tests.test_new_features.TestPlanoContasSubcontas" name="test_create_subconta" time="0.116" /><testcase classname="backend.tests.test_new_features.TestPlanoContasSubcontas" name="test_get_plano_contas_with_subcontas" time="0.190" /><testcase classname="backend.tests.test_new_features.TestPlanoContasSubcontas" name="test_cannot_delete_pai_with_subcontas" time="0.130" /><testcase classname="backend.tests.test_new_features.TestPlanoContasSubcontas" name="test_cleanup_subconta" time="0.130" /><testcase classname="backend.tests.test_new_features.TestPlanoContasSubcontas" name="test_cleanup_pai" time="0.163" /><testcase classname="backend.tests.test_new_features.TestContasPagarFormasPagamento" name="test_create_forma_for_integration" time="0.119" /><testcase classname="backend.tests.test_new_features.TestContasPagarFormasPagamento" name="test_formas_pagamento_available_for_contas" time="0.127" /><testcase classname="backend.tests.test_new_features.TestContasPagarFormasPagamento" name="test_cleanup_forma" time="0.117" /></testsuite></testsuites>