<?xml version="1.0" encoding="utf-8"?><testsuites name="pytest tests"><testsuite name="pytest" errors="0" failures="0" skipped="0" tests="17" time="22.424" timestamp="2026-02-27T00:01:11.220095+00:00" hostname="agent-env-a4dc8d16-8650-4b7c-9144-3acbdbab34f8"><testcase classname="backend.tests.test_rh_epi.TestCBOSearch" name="test_search_cbo_by_code" time="0.318" /><testcase classname="backend.tests.test_rh_epi.TestCBOSearch" name="test_search_cbo_by_name" time="0.186" /><testcase classname="backend.tests.test_rh_epi.TestCBOSearch" name="test_search_cbo_by_partial_code" time="0.142" /><testcase classname="backend.tests.test_rh_epi.TestCBOSearch" name="test_search_cbo_soldador" time="0.123" /><testcase classname="backend.tests.test_rh_epi.TestCBOSearch" name="test_search_cbo_eletricista" time="0.140" /><testcase classname="backend.tests.test_rh_epi.TestCBOSearch" name="test_search_cbo_no_results" time="0.431" /><testcase classname="backend.tests.test_rh_epi.TestConsultarEPIsCBO" name="test_consultar_epis_pedreiro" time="0.110" /><testcase classname="backend.tests.test_rh_epi.TestConsultarEPIsCBO" name="test_consultar_epis_soldador" time="0.147" /><testcase classname="backend.tests.test_rh_epi.TestConsultarEPIsCBO" name="test_consultar_epis_eletricista" time="0.240" /><testcase classname="backend.tests.test_rh_epi.TestConsultarEPIsCBO" name="test_consultar_epis_mapa_risco" time="0.147" /><testcase classname="backend.tests.test_rh_epi.TestConsultarEPIsCBO" name="test_consultar_epis_unknown_cbo_uses_ai_or_fallback" time="19.199" /><testcase classname="backend.tests.test_rh_epi.TestRHDashboard" name="test_dashboard_returns_stats" time="0.173" /><testcase classname="backend.tests.test_rh_epi.TestRHFuncionarios" name="test_list_funcionarios" time="0.114" /><testcase classname="backend.tests.test_rh_epi.TestRHFuncionarios" name="test_list_funcionarios_ativos" time="0.108" /><testcase classname="backend.tests.test_rh_epi.TestRHEPIFichas" name="test_list_fichas_epi" time="0.177" /><testcase classname="backend.tests.test_rh_epi.TestAuthLogin" name="test_login_success" time="0.341" /><testcase classname="backend.tests.test_rh_epi.TestAuthLogin" name="test_login_invalid_credentials" time="0.131" /></testsuite></testsuites>