<?xml version="1.0" encoding="utf-8"?><testsuites name="pytest tests"><testsuite name="pytest" errors="0" failures="0" skipped="0" tests="17" time="3.003" timestamp="2026-02-27T02:55:06.811985+00:00" hostname="agent-env-86172f20-3fc6-4c2d-92a9-0e58508934f2"><testcase classname="backend.tests.test_export_apis.TestExportCategoriesAPI" name="test_export_categories_gerenciamento" time="0.570" /><testcase classname="backend.tests.test_export_apis.TestExportCategoriesAPI" name="test_export_categories_administrativo" time="0.117" /><testcase classname="backend.tests.test_export_apis.TestExportCategoriesAPI" name="test_export_categories_rh" time="0.145" /><testcase classname="backend.tests.test_export_apis.TestExportCategoriesAPI" name="test_export_categories_invalid_module" time="0.154" /><testcase classname="backend.tests.test_export_apis.TestExportPDFAPI" name="test_export_pdf_machines" time="0.138" /><testcase classname="backend.tests.test_export_apis.TestExportPDFAPI" name="test_export_pdf_maintenances" time="0.147" /><testcase classname="backend.tests.test_export_apis.TestExportPDFAPI" name="test_export_pdf_contas_pagar" time="0.174" /><testcase classname="backend.tests.test_export_apis.TestExportPDFAPI" name="test_export_pdf_contas_receber" time="0.155" /><testcase classname="backend.tests.test_export_apis.TestExportPDFAPI" name="test_export_pdf_funcionarios" time="0.143" /><testcase classname="backend.tests.test_export_apis.TestExportPDFAPI" name="test_export_pdf_ponto_registros" time="0.157" /><testcase classname="backend.tests.test_export_apis.TestExportPDFAPI" name="test_export_pdf_folha_pagamento" time="0.129" /><testcase classname="backend.tests.test_export_apis.TestExportPDFAPI" name="test_export_pdf_ferias" time="0.152" /><testcase classname="backend.tests.test_export_apis.TestExportPDFAPI" name="test_export_pdf_epi_fichas" time="0.200" /><testcase classname="backend.tests.test_export_apis.TestExportPDFAPI" name="test_export_pdf_invalid_category" time="0.153" /><testcase classname="backend.tests.test_export_apis.TestExportCombinedAPI" name="test_export_combined_gerenciamento" time="0.152" /><testcase classname="backend.tests.test_export_apis.TestExportCombinedAPI" name="test_export_combined_administrativo" time="0.116" /><testcase classname="backend.tests.test_export_apis.TestExportCombinedAPI" name="test_export_combined_empty_categories" time="0.144" /></testsuite></testsuites>