<?xml version="1.0" encoding="utf-8"?><testsuites name="pytest tests"><testsuite name="pytest" errors="0" failures="0" skipped="0" tests="31" time="4.701" timestamp="2026-04-22T22:30:30.017821+00:00" hostname="agent-env-b14510b8-e5ea-43b5-9a0b-b4590b541db6"><testcase classname="backend.tests.test_sessao32_fase2_refactor.TestDashboard" name="test_dashboard_get" time="0.660" /><testcase classname="backend.tests.test_sessao32_fase2_refactor.TestStock" name="test_stock_items" time="0.119" /><testcase classname="backend.tests.test_sessao32_fase2_refactor.TestStock" name="test_stock_categories" time="0.099" /><testcase classname="backend.tests.test_sessao32_fase2_refactor.TestStock" name="test_stock_subcategories" time="0.122" /><testcase classname="backend.tests.test_sessao32_fase2_refactor.TestStock" name="test_stock_movements" time="0.103" /><testcase classname="backend.tests.test_sessao32_fase2_refactor.TestStock" name="test_stock_alerts" time="0.144" /><testcase classname="backend.tests.test_sessao32_fase2_refactor.TestObras" name="test_obras_list" time="0.118" /><testcase classname="backend.tests.test_sessao32_fase2_refactor.TestObras" name="test_obras_machines" time="0.239" /><testcase classname="backend.tests.test_sessao32_fase2_refactor.TestObras" name="test_obras_costs" time="0.101" /><testcase classname="backend.tests.test_sessao32_fase2_refactor.TestObras" name="test_obras_invalid_id" time="0.105" /><testcase classname="backend.tests.test_sessao32_fase2_refactor.TestMedicoes" name="test_medicoes_list" time="0.099" /><testcase classname="backend.tests.test_sessao32_fase2_refactor.TestMedicoes" name="test_medicoes_resumo_existing_obra" time="0.106" /><testcase classname="backend.tests.test_sessao32_fase2_refactor.TestMedicoes" name="test_medicoes_resumo_invalid_obra" time="0.106" /><testcase classname="backend.tests.test_sessao32_fase2_refactor.TestMedicoes" name="test_medicoes_get_invalid" time="0.115" /><testcase classname="backend.tests.test_sessao32_fase2_refactor.TestExport" name="test_export_categories_gerenciamento" time="0.114" /><testcase classname="backend.tests.test_sessao32_fase2_refactor.TestExport" name="test_export_pdf_machines" time="0.130" /><testcase classname="backend.tests.test_sessao32_fase2_refactor.TestExport" name="test_export_pdf_contas_pagar" time="0.136" /><testcase classname="backend.tests.test_sessao32_fase2_refactor.TestExport" name="test_export_excel_contas_pagar" time="0.111" /><testcase classname="backend.tests.test_sessao32_fase2_refactor.TestExport" name="test_export_ofx_contas_pagar" time="0.109" /><testcase classname="backend.tests.test_sessao32_fase2_refactor.TestExport" name="test_export_combined" time="0.146" /><testcase classname="backend.tests.test_sessao32_fase2_refactor.TestRegressaoFase1" name="test_regression_get[/admin/contas-pagar]" time="0.109" /><testcase classname="backend.tests.test_sessao32_fase2_refactor.TestRegressaoFase1" name="test_regression_get[/admin/contas-receber]" time="0.115" /><testcase classname="backend.tests.test_sessao32_fase2_refactor.TestRegressaoFase1" name="test_regression_get[/nfe/importadas]" time="0.311" /><testcase classname="backend.tests.test_sessao32_fase2_refactor.TestRegressaoFase1" name="test_regression_get[/nfe/certificados]" time="0.108" /><testcase classname="backend.tests.test_sessao32_fase2_refactor.TestRegressaoFase1" name="test_regression_get[/nfse/importadas]" time="0.110" /><testcase classname="backend.tests.test_sessao32_fase2_refactor.TestRegressaoFase1" name="test_regression_get[/conciliacao]" time="0.107" /><testcase classname="backend.tests.test_sessao32_fase2_refactor.TestRegressaoFase1" name="test_regression_get[/nfe/cfops]" time="0.107" /><testcase classname="backend.tests.test_sessao32_fase2_refactor.TestRegressaoFase1" name="test_regression_get[/notas-emitidas]" time="0.103" /><testcase classname="backend.tests.test_sessao32_fase2_refactor.TestRegressaoFase1" name="test_regression_get[/admin/dashboard]" time="0.116" /><testcase classname="backend.tests.test_sessao32_fase2_refactor.TestRegressaoFase1" name="test_regression_get[/nf/importacao-automatica/status]" time="0.114" /><testcase classname="backend.tests.test_sessao32_fase2_refactor.TestRegressaoFase1" name="test_auth_login_again" time="0.339" /></testsuite></testsuites>